<?xml version="1.0" encoding="UTF-8"?>
<testng-results ignored="7" total="11" passed="4" failed="0" skipped="0">
  <reporter-output>
  </reporter-output>
  <suite started-at="2021-08-17T03:20:06Z" name="Test" finished-at="2021-08-17T03:25:21Z" duration-ms="314517">
    <groups>
      <group name="regression-automationDemoSite">
        <method signature="AutomationPracticeTest.verifySwitchToNewTabbedWindowTest()[pri:0, instance:test.AutomationPracticeTest@12f8b1d8]" name="verifySwitchToNewTabbedWindowTest" class="test.AutomationPracticeTest"/>
        <method signature="AutomationPracticeTest.automationDemoSiteAlertSite()[pri:0, instance:test.AutomationPracticeTest@12f8b1d8]" name="automationDemoSiteAlertSite" class="test.AutomationPracticeTest"/>
        <method signature="AutomationPracticeTest.alertFirstBoxValidationTest()[pri:0, instance:test.AutomationPracticeTest@12f8b1d8]" name="alertFirstBoxValidationTest" class="test.AutomationPracticeTest"/>
        <method signature="AutomationPracticeTest.registerUserTest()[pri:0, instance:test.AutomationPracticeTest@12f8b1d8]" name="registerUserTest" class="test.AutomationPracticeTest"/>
      </group> <!-- regression-automationDemoSite -->
    </groups>
    <test started-at="2021-08-17T03:20:06Z" name="automationPracticeTest" finished-at="2021-08-17T03:25:21Z" duration-ms="314517">
      <class name="test.AutomationPracticeTest">
        <test-method is-config="true" signature="openBrowser()[pri:0, instance:test.AutomationPracticeTest@12f8b1d8]" started-at="2021-08-17T03:19:59Z" name="openBrowser" finished-at="2021-08-17T03:20:06Z" duration-ms="7443" status="PASS">
          <reporter-output>
          </reporter-output>
        </test-method> <!-- openBrowser -->
        <test-method is-config="true" signature="navigateToLaunchAutomationSite(java.lang.reflect.Method)[pri:0, instance:test.AutomationPracticeTest@12f8b1d8]" started-at="2021-08-17T03:20:06Z" name="navigateToLaunchAutomationSite" finished-at="2021-08-17T03:20:15Z" duration-ms="8590" status="PASS">
          <params>
            <param index="0">
              <value>
                <![CDATA[public void test.AutomationPracticeTest.verifySwitchToNewTabbedWindowTest()]]>
              </value>
            </param>
          </params>
          <reporter-output>
          </reporter-output>
        </test-method> <!-- navigateToLaunchAutomationSite -->
        <test-method signature="verifySwitchToNewTabbedWindowTest()[pri:0, instance:test.AutomationPracticeTest@12f8b1d8]" started-at="2021-08-17T03:20:15Z" name="verifySwitchToNewTabbedWindowTest" finished-at="2021-08-17T03:20:25Z" duration-ms="9716" status="PASS">
          <reporter-output>
          </reporter-output>
        </test-method> <!-- verifySwitchToNewTabbedWindowTest -->
        <test-method is-config="true" signature="navigateToLaunchAutomationSite(java.lang.reflect.Method)[pri:0, instance:test.AutomationPracticeTest@12f8b1d8]" started-at="2021-08-17T03:20:25Z" name="navigateToLaunchAutomationSite" finished-at="2021-08-17T03:20:28Z" duration-ms="2421" status="PASS">
          <params>
            <param index="0">
              <value>
                <![CDATA[public void test.AutomationPracticeTest.alertFirstBoxValidationTest() throws java.lang.InterruptedException]]>
              </value>
            </param>
          </params>
          <reporter-output>
          </reporter-output>
        </test-method> <!-- navigateToLaunchAutomationSite -->
        <test-method signature="alertFirstBoxValidationTest()[pri:0, instance:test.AutomationPracticeTest@12f8b1d8]" started-at="2021-08-17T03:20:28Z" name="alertFirstBoxValidationTest" finished-at="2021-08-17T03:22:02Z" duration-ms="94464" status="PASS">
          <reporter-output>
          </reporter-output>
        </test-method> <!-- alertFirstBoxValidationTest -->
        <test-method is-config="true" signature="navigateToLaunchAutomationSite(java.lang.reflect.Method)[pri:0, instance:test.AutomationPracticeTest@12f8b1d8]" started-at="2021-08-17T03:22:02Z" name="navigateToLaunchAutomationSite" finished-at="2021-08-17T03:22:07Z" duration-ms="4682" status="PASS">
          <params>
            <param index="0">
              <value>
                <![CDATA[public void test.AutomationPracticeTest.registerUserTest()]]>
              </value>
            </param>
          </params>
          <reporter-output>
          </reporter-output>
        </test-method> <!-- navigateToLaunchAutomationSite -->
        <test-method signature="registerUserTest()[pri:0, instance:test.AutomationPracticeTest@12f8b1d8]" started-at="2021-08-17T03:22:07Z" name="registerUserTest" finished-at="2021-08-17T03:25:12Z" duration-ms="185217" status="PASS">
          <reporter-output>
          </reporter-output>
        </test-method> <!-- registerUserTest -->
        <test-method is-config="true" signature="navigateToLaunchAutomationSite(java.lang.reflect.Method)[pri:0, instance:test.AutomationPracticeTest@12f8b1d8]" started-at="2021-08-17T03:25:12Z" name="navigateToLaunchAutomationSite" finished-at="2021-08-17T03:25:14Z" duration-ms="2344" status="PASS">
          <params>
            <param index="0">
              <value>
                <![CDATA[public void test.AutomationPracticeTest.automationDemoSiteAlertSite() throws java.lang.InterruptedException]]>
              </value>
            </param>
          </params>
          <reporter-output>
          </reporter-output>
        </test-method> <!-- navigateToLaunchAutomationSite -->
        <test-method signature="automationDemoSiteAlertSite()[pri:0, instance:test.AutomationPracticeTest@12f8b1d8]" started-at="2021-08-17T03:25:14Z" name="automationDemoSiteAlertSite" finished-at="2021-08-17T03:25:21Z" depends-on-methods="test.AutomationPracticeTest.verifySwitchToNewTabbedWindowTest" duration-ms="6397" status="PASS">
          <reporter-output>
          </reporter-output>
        </test-method> <!-- automationDemoSiteAlertSite -->
      </class> <!-- test.AutomationPracticeTest -->
    </test> <!-- automationPracticeTest -->
  </suite> <!-- Test -->
</testng-results>
