<?xml version="1.0" encoding="UTF-8"?>
<!-- Generated by org.testng.reporters.JUnitXMLReporter -->
<testsuite ignored="7" hostname="L1BEBIZ055" failures="0" tests="4" name="automationPracticeTest" time="314.517" errors="0" timestamp="17 Aug 2021 03:25:21 GMT">
  <testcase classname="test.AutomationPracticeTest" name="verifySwitchToNewTabbedWindowTest" time="9.716"/>
  <testcase classname="test.AutomationPracticeTest" name="alertFirstBoxValidationTest" time="94.464"/>
  <testcase classname="test.AutomationPracticeTest" name="registerUserTest" time="185.217"/>
  <testcase classname="test.AutomationPracticeTest" name="automationDemoSiteAlertSite" time="6.397"/>
  <testcase classname="test.AutomationPracticeTest" name="getDataFromExcelSheet" time="0.0">
    <ignored/>
  </testcase> <!-- getDataFromExcelSheet -->
  <testcase classname="test.AutomationPracticeTest" name="tShirtCartPageNavigationWithKeysActions" time="0.0">
    <ignored/>
  </testcase> <!-- tShirtCartPageNavigationWithKeysActions -->
  <testcase classname="test.AutomationPracticeTest" name="registerAccountWithDataProviderData" time="0.0">
    <ignored/>
  </testcase> <!-- registerAccountWithDataProviderData -->
  <testcase classname="test.AutomationPracticeTest" name="verifyMyAccountPage" time="0.0">
    <ignored/>
  </testcase> <!-- verifyMyAccountPage -->
  <testcase classname="test.AutomationPracticeTest" name="runTestViaDataProviderTestData" time="0.0">
    <ignored/>
  </testcase> <!-- runTestViaDataProviderTestData -->
  <testcase classname="test.AutomationPracticeTest" name="registerAccount" time="0.0">
    <ignored/>
  </testcase> <!-- registerAccount -->
  <testcase classname="test.AutomationPracticeTest" name="Test" time="0.0">
    <ignored/>
  </testcase> <!-- Test -->
</testsuite> <!-- automationPracticeTest -->
